<?xml version="1.0" encoding="UTF-8"?>
<!-- Generated by org.testng.reporters.JUnitReportReporter -->
<testsuite skipped="0" hostname="ISMETINALPC" name="com.class12.Task1" tests="1" failures="0" timestamp="02 Jun 2019 18:53:00 GMT" time="16.018" errors="0">
  <testcase name="readFile" time="16.018" classname="com.class12.Task1"/>
</testsuite> <!-- com.class12.Task1 -->
