<?xml version="1.0" encoding="UTF-8"?>
<!-- Generated by org.testng.reporters.JUnitReportReporter -->
<testsuite skipped="0" hostname="ISMETINALPC" name="com.class12.FlightSearch" tests="1" failures="0" timestamp="04 Jun 2019 06:35:55 GMT" time="39.901" errors="0">
  <testcase name="searchFlight" time="39.901" classname="com.class12.FlightSearch"/>
</testsuite> <!-- com.class12.FlightSearch -->
